<?xml version="1.0" encoding="utf-8"?><testsuites name="pytest tests"><testsuite name="pytest" errors="0" failures="0" skipped="0" tests="25" time="5.128" timestamp="2026-07-04T19:03:30.050006+00:00" hostname="agent-env-407bbfa5-3547-41f7-9ab4-af4699771e33"><testcase classname="tests.backend_test.TestAuth" name="test_login_demo" time="0.356" /><testcase classname="tests.backend_test.TestAuth" name="test_me" time="0.262" /><testcase classname="tests.backend_test.TestJobs" name="test_list_jobs" time="0.726" /><testcase classname="tests.backend_test.TestAuth" name="test_login_wrong_password" time="0.333" /><testcase classname="tests.backend_test.TestJobs" name="test_filter_status" time="0.229" /><testcase classname="tests.backend_test.TestAuth" name="test_register_duplicate_email" time="0.097" /><testcase classname="tests.backend_test.TestJobs" name="test_filter_brand" time="0.106" /><testcase classname="tests.backend_test.TestAuth" name="test_me_unauthenticated" time="0.099" /><testcase classname="tests.backend_test.TestJobs" name="test_filter_payment" time="0.100" /><testcase classname="tests.backend_test.TestJobs" name="test_search_q" time="0.317" /><testcase classname="tests.backend_test.TestAuth" name="test_change_password_requires_current" time="0.649" /><testcase classname="tests.backend_test.TestJobs" name="test_next_number" time="0.318" /><testcase classname="tests.backend_test.TestAuth" name="test_change_password_success" time="0.861" /><testcase classname="tests.backend_test.TestJobs" name="test_create_update_delete" time="1.263" /><testcase classname="tests.backend_test.TestProducts" name="test_list_and_stats" time="0.204" /><testcase classname="tests.backend_test.TestProducts" name="test_create_scan_update_delete" time="0.686" /><testcase classname="tests.backend_test.TestMultiTenant" name="test_new_shop_zero_jobs" time="0.433" /><testcase classname="tests.backend_test.TestMultiTenant" name="test_new_shop_dashboard_zero" time="0.104" /><testcase classname="tests.backend_test.TestProducts" name="test_sale_deducts_stock" time="0.424" /><testcase classname="tests.backend_test.TestShop" name="test_currencies_list" time="0.107" /><testcase classname="tests.backend_test.TestShop" name="test_update_shop" time="0.096" /><testcase classname="tests.backend_test.TestDashboard" name="test_dashboard_demo" time="0.098" /><testcase classname="tests.backend_test.TestSMS" name="test_sms_simulated" time="0.213" /><testcase classname="tests.backend_test.TestCatalog" name="test_get_catalog" time="0.099" /><testcase classname="tests.backend_test.TestCatalog" name="test_add_brand_model_problem_part" time="0.492" /></testsuite></testsuites>